(r008:0,1,2,3,4,5,6,7,8,9,10,11,12,13)
(r010:14,15,16,17,18,19,20,21,22,23,24,25,26,27)
(r059:28,29,30,31,32,33,34,35,36,37,38,39,40,41)
(r474:42,43,44,45,46,47,48,49,50,51,52,53,54,55)
(r483:56,57,58,59,60,61,62,63,64,65,66,67,68,69)
(r497:70,71,72,73,74,75,76,77,78,79,80,81,82,83)
(r610:84,85,86,87,88,89,90,91,92,93,94,95,96,97)
(r695:98,99,100,101,102,103,104,105,106,107,108,109,110,111)

0 ALT: 10 Planes: 90
10 ALT: 9.91041 Planes: 60
20 ALT: 9.8217 Planes: 52
30 ALT: 9.73388 Planes: 48
40 ALT: 9.64694 Planes: 38
50 ALT: 9.56085 Planes: 38
60 ALT: 9.47563 Planes: 38
70 ALT: 9.39125 Planes: 38
80 ALT: 9.30772 Planes: 38
90 ALT: 9.22502 Planes: 36
100 ALT: 9.14314 Planes: 38
110 ALT: 9.06207 Planes: 38
120 ALT: 8.98181 Planes: 37
130 ALT: 8.90235 Planes: 35
140 ALT: 8.82368 Planes: 37
150 ALT: 8.7458 Planes: 35
160 ALT: 8.66869 Planes: 35
170 ALT: 8.59235 Planes: 33
180 ALT: 8.51676 Planes: 35
190 ALT: 8.44193 Planes: 35
200 ALT: 8.36785 Planes: 35
210 ALT: 8.2945 Planes: 35
220 ALT: 8.22189 Planes: 35
230 ALT: 8.15 Planes: 37
240 ALT: 8.07882 Planes: 37
250 ALT: 8.00835 Planes: 35
260 ALT: 7.93858 Planes: 34
270 ALT: 7.86951 Planes: 34
280 ALT: 7.80113 Planes: 34
290 ALT: 7.73342 Planes: 34
300 ALT: 7.66639 Planes: 32
310 ALT: 7.60003 Planes: 34
320 ALT: 7.53432 Planes: 32
330 ALT: 7.46927 Planes: 34
340 ALT: 7.40487 Planes: 34
350 ALT: 7.34111 Planes: 30
360 ALT: 7.27799 Planes: 34
370 ALT: 7.21549 Planes: 32
380 ALT: 7.15361 Planes: 34
390 ALT: 7.09235 Planes: 36
400 ALT: 7.0317 Planes: 32
410 ALT: 6.97166 Planes: 31
420 ALT: 6.91221 Planes: 33
430 ALT: 6.85335 Planes: 31
440 ALT: 6.79508 Planes: 31
450 ALT: 6.73739 Planes: 33
460 ALT: 6.68028 Planes: 33
470 ALT: 6.62373 Planes: 33
480 ALT: 6.56775 Planes: 33
490 ALT: 6.51232 Planes: 33
500 ALT: 6.45745 Planes: 33
510 ALT: 6.40312 Planes: 31
520 ALT: 6.34933 Planes: 33
530 ALT: 6.29608 Planes: 33
540 ALT: 6.24336 Planes: 33
550 ALT: 6.19116 Planes: 33
560 ALT: 6.13948 Planes: 33
570 ALT: 6.08832 Planes: 33
580 ALT: 6.03766 Planes: 31
590 ALT: 5.98751 Planes: 32
600 ALT: 5.93786 Planes: 30
610 ALT: 5.88871 Planes: 32
620 ALT: 5.84004 Planes: 32
630 ALT: 5.79186 Planes: 32
640 ALT: 5.74415 Planes: 32
650 ALT: 5.69693 Planes: 32
660 ALT: 5.65017 Planes: 30
670 ALT: 5.60387 Planes: 30
680 ALT: 5.55804 Planes: 32
690 ALT: 5.51267 Planes: 32
700 ALT: 5.46774 Planes: 32
710 ALT: 5.42327 Planes: 30
720 ALT: 5.37923 Planes: 32
730 ALT: 5.33564 Planes: 32
740 ALT: 5.29248 Planes: 32
750 ALT: 5.24975 Planes: 30
760 ALT: 5.20744 Planes: 32
770 ALT: 5.16556 Planes: 32
780 ALT: 5.12409 Planes: 30
790 ALT: 5.08303 Planes: 32
800 ALT: 5.04239 Planes: 32
810 ALT: 5.00214 Planes: 30
820 ALT: 4.9623 Planes: 32
830 ALT: 4.92286 Planes: 30
840 ALT: 4.88381 Planes: 32
850 ALT: 4.84514 Planes: 30
860 ALT: 4.80686 Planes: 32
870 ALT: 4.76896 Planes: 32
880 ALT: 4.73144 Planes: 32
890 ALT: 4.6943 Planes: 30
900 ALT: 4.65752 Planes: 30
910 ALT: 4.62111 Planes: 30
920 ALT: 4.58506 Planes: 32
930 ALT: 4.54938 Planes: 32
940 ALT: 4.51404 Planes: 32
950 ALT: 4.47906 Planes: 32
960 ALT: 4.44443 Planes: 32
970 ALT: 4.41014 Planes: 32
980 ALT: 4.37619 Planes: 32
990 ALT: 4.34258 Planes: 30
Time: 4.256, Generations: 1000, Epochs per Second: 234.988
Used 112 node(s) and 2 core(s) per node 
Processsed 10x10 grid and 112 organisms per epoch, resulting in 1 organisms per node. Best 11 were broadcasted.
Processing speed: 26318.608 organisms per second
Final performance is 32.000

(r008:0,1,2,3,4,5,6,7,8,9,10,11,12,13)
(r010:14,15,16,17,18,19,20,21,22,23,24,25,26,27)
(r059:28,29,30,31,32,33,34,35,36,37,38,39,40,41)
(r474:42,43,44,45,46,47,48,49,50,51,52,53,54,55)
(r483:56,57,58,59,60,61,62,63,64,65,66,67,68,69)
(r497:70,71,72,73,74,75,76,77,78,79,80,81,82,83)
(r610:84,85,86,87,88,89,90,91,92,93,94,95,96,97)
(r695:98,99,100,101,102,103,104,105,106,107,108,109,110,111)

0 ALT: 40 Planes: 360
10 ALT: 39.6118 Planes: 274
20 ALT: 39.2274 Planes: 272
30 ALT: 38.8468 Planes: 267
40 ALT: 38.4701 Planes: 257
50 ALT: 38.0971 Planes: 263
60 ALT: 37.7278 Planes: 263
70 ALT: 37.3621 Planes: 263
80 ALT: 37.0001 Planes: 257
90 ALT: 36.6418 Planes: 253
100 ALT: 36.2869 Planes: 261
110 ALT: 35.9357 Planes: 267
120 ALT: 35.5879 Planes: 271
130 ALT: 35.2436 Planes: 263
140 ALT: 34.9027 Planes: 258
150 ALT: 34.5652 Planes: 258
160 ALT: 34.231 Planes: 258
170 ALT: 33.9002 Planes: 260
180 ALT: 33.5727 Planes: 260
190 ALT: 33.2484 Planes: 258
200 ALT: 32.9274 Planes: 253
210 ALT: 32.6095 Planes: 259
220 ALT: 32.2949 Planes: 257
230 ALT: 31.9833 Planes: 252
240 ALT: 31.6749 Planes: 256
250 ALT: 31.3695 Planes: 252
260 ALT: 31.0672 Planes: 242
270 ALT: 30.7679 Planes: 252
280 ALT: 30.4715 Planes: 246
290 ALT: 30.1782 Planes: 242
300 ALT: 29.8877 Planes: 238
310 ALT: 29.6001 Planes: 240
320 ALT: 29.3154 Planes: 236
330 ALT: 29.0335 Planes: 242
340 ALT: 28.7544 Planes: 239
350 ALT: 28.4781 Planes: 239
360 ALT: 28.2046 Planes: 241
370 ALT: 27.9338 Planes: 234
380 ALT: 27.6656 Planes: 238
390 ALT: 27.4002 Planes: 240
400 ALT: 27.1374 Planes: 238
410 ALT: 26.8772 Planes: 241
420 ALT: 26.6196 Planes: 243
430 ALT: 26.3645 Planes: 249
440 ALT: 26.112 Planes: 243
450 ALT: 25.862 Planes: 241
460 ALT: 25.6145 Planes: 245
470 ALT: 25.3695 Planes: 247
480 ALT: 25.1269 Planes: 245
490 ALT: 24.8867 Planes: 244
500 ALT: 24.6489 Planes: 252
510 ALT: 24.4135 Planes: 250
520 ALT: 24.1804 Planes: 248
530 ALT: 23.9497 Planes: 237
540 ALT: 23.7212 Planes: 235
550 ALT: 23.495 Planes: 229
560 ALT: 23.2711 Planes: 225
570 ALT: 23.0494 Planes: 225
580 ALT: 22.8299 Planes: 221
590 ALT: 22.6125 Planes: 219
600 ALT: 22.3974 Planes: 217
610 ALT: 22.1844 Planes: 225
620 ALT: 21.9735 Planes: 223
630 ALT: 21.7647 Planes: 215
640 ALT: 21.558 Planes: 219
650 ALT: 21.3533 Planes: 215
660 ALT: 21.1507 Planes: 213
670 ALT: 20.9501 Planes: 218
680 ALT: 20.7515 Planes: 218
690 ALT: 20.5549 Planes: 222
700 ALT: 20.3602 Planes: 226
710 ALT: 20.1675 Planes: 224
720 ALT: 19.9767 Planes: 222
730 ALT: 19.7878 Planes: 222
740 ALT: 19.6007 Planes: 222
750 ALT: 19.4156 Planes: 222
760 ALT: 19.2322 Planes: 226
770 ALT: 19.0507 Planes: 232
780 ALT: 18.871 Planes: 228
790 ALT: 18.6931 Planes: 222
800 ALT: 18.517 Planes: 216
810 ALT: 18.3426 Planes: 214
820 ALT: 18.17 Planes: 208
830 ALT: 17.999 Planes: 207
840 ALT: 17.8298 Planes: 215
850 ALT: 17.6623 Planes: 211
860 ALT: 17.4964 Planes: 219
870 ALT: 17.3322 Planes: 223
880 ALT: 17.1696 Planes: 213
890 ALT: 17.0086 Planes: 215
900 ALT: 16.8493 Planes: 215
910 ALT: 16.6915 Planes: 211
920 ALT: 16.5353 Planes: 207
930 ALT: 16.3806 Planes: 203
940 ALT: 16.2275 Planes: 203
950 ALT: 16.0759 Planes: 201
960 ALT: 15.9258 Planes: 208
970 ALT: 15.7772 Planes: 206
980 ALT: 15.6301 Planes: 202
990 ALT: 15.4845 Planes: 202
Time: 29.429, Generations: 1000, Epochs per Second: 33.980
Used 112 node(s) and 2 core(s) per node 
Processsed 20x20 grid and 112 organisms per epoch, resulting in 1 organisms per node. Best 11 were broadcasted.
Processing speed: 3805.712 organisms per second
Final performance is 195.000

(r008:0,1,2,3,4,5,6,7,8,9,10,11,12,13)
(r010:14,15,16,17,18,19,20,21,22,23,24,25,26,27)
(r059:28,29,30,31,32,33,34,35,36,37,38,39,40,41)
(r474:42,43,44,45,46,47,48,49,50,51,52,53,54,55)
(r483:56,57,58,59,60,61,62,63,64,65,66,67,68,69)
(r497:70,71,72,73,74,75,76,77,78,79,80,81,82,83)
(r610:84,85,86,87,88,89,90,91,92,93,94,95,96,97)
(r695:98,99,100,101,102,103,104,105,106,107,108,109,110,111)

0 ALT: 160 Planes: 1446
10 ALT: 158.417 Planes: 1184
20 ALT: 156.85 Planes: 1171
30 ALT: 155.299 Planes: 1166
40 ALT: 153.763 Planes: 1165
50 ALT: 152.242 Planes: 1170
60 ALT: 150.736 Planes: 1165
70 ALT: 149.246 Planes: 1167
80 ALT: 147.77 Planes: 1164
90 ALT: 146.309 Planes: 1167
100 ALT: 144.862 Planes: 1164
110 ALT: 143.43 Planes: 1162
120 ALT: 142.012 Planes: 1163
130 ALT: 140.608 Planes: 1174
140 ALT: 139.219 Planes: 1170
150 ALT: 137.843 Planes: 1165
160 ALT: 136.48 Planes: 1159
170 ALT: 135.132 Planes: 1174
180 ALT: 133.796 Planes: 1168
190 ALT: 132.474 Planes: 1166
200 ALT: 131.166 Planes: 1165
210 ALT: 129.87 Planes: 1158
220 ALT: 128.587 Planes: 1158
230 ALT: 127.317 Planes: 1150
240 ALT: 126.059 Planes: 1162
250 ALT: 124.814 Planes: 1164
260 ALT: 123.582 Planes: 1166
270 ALT: 122.361 Planes: 1166
280 ALT: 121.153 Planes: 1158
290 ALT: 119.957 Planes: 1148
300 ALT: 118.773 Planes: 1152
310 ALT: 117.6 Planes: 1160
320 ALT: 116.44 Planes: 1153
330 ALT: 115.291 Planes: 1168
340 ALT: 114.153 Planes: 1162
350 ALT: 113.026 Planes: 1159
360 ALT: 111.911 Planes: 1164
370 ALT: 110.807 Planes: 1162
380 ALT: 109.714 Planes: 1161
390 ALT: 108.632 Planes: 1157
400 ALT: 107.56 Planes: 1152
410 ALT: 106.499 Planes: 1161
420 ALT: 105.449 Planes: 1143
430 ALT: 104.409 Planes: 1149
440 ALT: 103.38 Planes: 1168
450 ALT: 102.361 Planes: 1153
460 ALT: 101.352 Planes: 1160
470 ALT: 100.353 Planes: 1157
480 ALT: 99.3636 Planes: 1160
490 ALT: 98.3844 Planes: 1157
500 ALT: 97.4149 Planes: 1160
510 ALT: 96.4551 Planes: 1164
520 ALT: 95.5049 Planes: 1150
530 ALT: 94.5641 Planes: 1159
540 ALT: 93.6326 Planes: 1149
550 ALT: 92.7105 Planes: 1157
560 ALT: 91.7975 Planes: 1156
570 ALT: 90.8936 Planes: 1144
580 ALT: 89.9987 Planes: 1153
590 ALT: 89.1127 Planes: 1157
600 ALT: 88.2356 Planes: 1162
610 ALT: 87.3671 Planes: 1156
620 ALT: 86.5074 Planes: 1154
630 ALT: 85.6561 Planes: 1153
640 ALT: 84.8134 Planes: 1154
650 ALT: 83.979 Planes: 1155
660 ALT: 83.153 Planes: 1141
670 ALT: 82.3351 Planes: 1150
680 ALT: 81.5254 Planes: 1148
690 ALT: 80.7238 Planes: 1146
700 ALT: 79.9302 Planes: 1141
710 ALT: 79.1444 Planes: 1149
720 ALT: 78.3665 Planes: 1150
730 ALT: 77.5963 Planes: 1146
740 ALT: 76.8338 Planes: 1147
750 ALT: 76.0789 Planes: 1145
760 ALT: 75.3315 Planes: 1146
770 ALT: 74.5915 Planes: 1136
780 ALT: 73.8589 Planes: 1150
790 ALT: 73.1336 Planes: 1156
800 ALT: 72.4155 Planes: 1155
810 ALT: 71.7046 Planes: 1150
820 ALT: 71.0007 Planes: 1146
830 ALT: 70.3038 Planes: 1150
840 ALT: 69.6139 Planes: 1152
850 ALT: 68.9309 Planes: 1146
860 ALT: 68.2546 Planes: 1140
870 ALT: 67.5851 Planes: 1139
880 ALT: 66.9223 Planes: 1149
890 ALT: 66.266 Planes: 1141
900 ALT: 65.6163 Planes: 1151
910 ALT: 64.973 Planes: 1144
920 ALT: 64.3362 Planes: 1144
930 ALT: 63.7057 Planes: 1143
940 ALT: 63.0814 Planes: 1147
950 ALT: 62.4634 Planes: 1148
960 ALT: 61.8515 Planes: 1143
970 ALT: 61.2458 Planes: 1139
980 ALT: 60.646 Planes: 1135
990 ALT: 60.0522 Planes: 1139
Time: 164.243, Generations: 1000, Epochs per Second: 6.089
Used 112 node(s) and 2 core(s) per node 
Processsed 40x40 grid and 112 organisms per epoch, resulting in 1 organisms per node. Best 11 were broadcasted.
Processing speed: 681.918 organisms per second
Final performance is 1142.000
