(r247:0,1,2,3,4,5,6,7,8,9,10,11,12,13,14,15,16,17,18,19,20,21,22,23,24,25,26,27)
(r250:28,29,30,31,32,33,34,35,36,37,38,39,40,41,42,43,44,45,46,47,48,49,50,51,52,53,54,55)
(r251:56,57,58,59,60,61,62,63,64,65,66,67,68,69,70,71,72,73,74,75,76,77,78,79,80,81,82,83)
(r255:84,85,86,87,88,89,90,91,92,93,94,95,96,97,98,99,100,101,102,103,104,105,106,107,108,109,110,111)

0 ALT: 10 Planes: 90
10 ALT: 9.91041 Planes: 62
20 ALT: 9.8217 Planes: 54
30 ALT: 9.73388 Planes: 48
40 ALT: 9.64694 Planes: 46
50 ALT: 9.56085 Planes: 38
60 ALT: 9.47563 Planes: 36
70 ALT: 9.39125 Planes: 38
80 ALT: 9.30772 Planes: 36
90 ALT: 9.22502 Planes: 36
100 ALT: 9.14314 Planes: 34
110 ALT: 9.06207 Planes: 36
120 ALT: 8.98181 Planes: 33
130 ALT: 8.90235 Planes: 35
140 ALT: 8.82368 Planes: 35
150 ALT: 8.7458 Planes: 35
160 ALT: 8.66869 Planes: 35
170 ALT: 8.59235 Planes: 33
180 ALT: 8.51676 Planes: 33
190 ALT: 8.44193 Planes: 37
200 ALT: 8.36785 Planes: 35
210 ALT: 8.2945 Planes: 33
220 ALT: 8.22189 Planes: 35
230 ALT: 8.15 Planes: 33
240 ALT: 8.07882 Planes: 35
250 ALT: 8.00835 Planes: 35
260 ALT: 7.93858 Planes: 34
270 ALT: 7.86951 Planes: 34
280 ALT: 7.80113 Planes: 32
290 ALT: 7.73342 Planes: 30
300 ALT: 7.66639 Planes: 32
310 ALT: 7.60003 Planes: 34
320 ALT: 7.53432 Planes: 34
330 ALT: 7.46927 Planes: 32
340 ALT: 7.40487 Planes: 34
350 ALT: 7.34111 Planes: 32
360 ALT: 7.27799 Planes: 34
370 ALT: 7.21549 Planes: 36
380 ALT: 7.15361 Planes: 34
390 ALT: 7.09235 Planes: 34
400 ALT: 7.0317 Planes: 34
410 ALT: 6.97166 Planes: 33
420 ALT: 6.91221 Planes: 33
430 ALT: 6.85335 Planes: 33
440 ALT: 6.79508 Planes: 33
450 ALT: 6.73739 Planes: 31
460 ALT: 6.68028 Planes: 31
470 ALT: 6.62373 Planes: 33
480 ALT: 6.56775 Planes: 33
490 ALT: 6.51232 Planes: 33
500 ALT: 6.45745 Planes: 31
510 ALT: 6.40312 Planes: 33
520 ALT: 6.34933 Planes: 31
530 ALT: 6.29608 Planes: 33
540 ALT: 6.24336 Planes: 31
550 ALT: 6.19116 Planes: 33
560 ALT: 6.13948 Planes: 31
570 ALT: 6.08832 Planes: 33
580 ALT: 6.03766 Planes: 33
590 ALT: 5.98751 Planes: 32
600 ALT: 5.93786 Planes: 30
610 ALT: 5.88871 Planes: 32
620 ALT: 5.84004 Planes: 32
630 ALT: 5.79186 Planes: 32
640 ALT: 5.74415 Planes: 32
650 ALT: 5.69693 Planes: 32
660 ALT: 5.65017 Planes: 32
670 ALT: 5.60387 Planes: 32
680 ALT: 5.55804 Planes: 32
690 ALT: 5.51267 Planes: 34
700 ALT: 5.46774 Planes: 30
710 ALT: 5.42327 Planes: 32
720 ALT: 5.37923 Planes: 30
730 ALT: 5.33564 Planes: 32
740 ALT: 5.29248 Planes: 30
750 ALT: 5.24975 Planes: 32
760 ALT: 5.20744 Planes: 32
770 ALT: 5.16556 Planes: 30
780 ALT: 5.12409 Planes: 30
790 ALT: 5.08303 Planes: 32
800 ALT: 5.04239 Planes: 32
810 ALT: 5.00214 Planes: 30
820 ALT: 4.9623 Planes: 28
830 ALT: 4.92286 Planes: 32
840 ALT: 4.88381 Planes: 30
850 ALT: 4.84514 Planes: 32
860 ALT: 4.80686 Planes: 30
870 ALT: 4.76896 Planes: 30
880 ALT: 4.73144 Planes: 30
890 ALT: 4.6943 Planes: 30
900 ALT: 4.65752 Planes: 32
910 ALT: 4.62111 Planes: 30
920 ALT: 4.58506 Planes: 32
930 ALT: 4.54938 Planes: 32
940 ALT: 4.51404 Planes: 30
950 ALT: 4.47906 Planes: 30
960 ALT: 4.44443 Planes: 32
970 ALT: 4.41014 Planes: 32
980 ALT: 4.37619 Planes: 30
990 ALT: 4.34258 Planes: 32
Time: 2.950, Generations: 1000, Epochs per Second: 339.040
Used 112 node(s) and 1 core(s) per node 
Processsed 10x10 grid and 112 organisms per epoch, resulting in 1 organisms per node. Best 11 were broadcasted.
Processing speed: 37972.453 organisms per second
Final performance is 30.000

(r247:0,1,2,3,4,5,6,7,8,9,10,11,12,13,14,15,16,17,18,19,20,21,22,23,24,25,26,27)
(r250:28,29,30,31,32,33,34,35,36,37,38,39,40,41,42,43,44,45,46,47,48,49,50,51,52,53,54,55)
(r251:56,57,58,59,60,61,62,63,64,65,66,67,68,69,70,71,72,73,74,75,76,77,78,79,80,81,82,83)
(r255:84,85,86,87,88,89,90,91,92,93,94,95,96,97,98,99,100,101,102,103,104,105,106,107,108,109,110,111)

0 ALT: 40 Planes: 360
10 ALT: 39.6118 Planes: 284
20 ALT: 39.2274 Planes: 280
30 ALT: 38.8468 Planes: 277
40 ALT: 38.4701 Planes: 271
50 ALT: 38.0971 Planes: 277
60 ALT: 37.7278 Planes: 269
70 ALT: 37.3621 Planes: 275
80 ALT: 37.0001 Planes: 267
90 ALT: 36.6418 Planes: 265
100 ALT: 36.2869 Planes: 259
110 ALT: 35.9357 Planes: 263
120 ALT: 35.5879 Planes: 263
130 ALT: 35.2436 Planes: 269
140 ALT: 34.9027 Planes: 260
150 ALT: 34.5652 Planes: 254
160 ALT: 34.231 Planes: 248
170 ALT: 33.9002 Planes: 250
180 ALT: 33.5727 Planes: 244
190 ALT: 33.2484 Planes: 250
200 ALT: 32.9274 Planes: 253
210 ALT: 32.6095 Planes: 249
220 ALT: 32.2949 Planes: 253
230 ALT: 31.9833 Planes: 248
240 ALT: 31.6749 Planes: 246
250 ALT: 31.3695 Planes: 242
260 ALT: 31.0672 Planes: 236
270 ALT: 30.7679 Planes: 238
280 ALT: 30.4715 Planes: 236
290 ALT: 30.1782 Planes: 236
300 ALT: 29.8877 Planes: 232
310 ALT: 29.6001 Planes: 228
320 ALT: 29.3154 Planes: 228
330 ALT: 29.0335 Planes: 226
340 ALT: 28.7544 Planes: 231
350 ALT: 28.4781 Planes: 237
360 ALT: 28.2046 Planes: 245
370 ALT: 27.9338 Planes: 242
380 ALT: 27.6656 Planes: 242
390 ALT: 27.4002 Planes: 238
400 ALT: 27.1374 Planes: 242
410 ALT: 26.8772 Planes: 243
420 ALT: 26.6196 Planes: 245
430 ALT: 26.3645 Planes: 247
440 ALT: 26.112 Planes: 243
450 ALT: 25.862 Planes: 241
460 ALT: 25.6145 Planes: 241
470 ALT: 25.3695 Planes: 239
480 ALT: 25.1269 Planes: 239
490 ALT: 24.8867 Planes: 238
500 ALT: 24.6489 Planes: 234
510 ALT: 24.4135 Planes: 234
520 ALT: 24.1804 Planes: 236
530 ALT: 23.9497 Planes: 233
540 ALT: 23.7212 Planes: 233
550 ALT: 23.495 Planes: 229
560 ALT: 23.2711 Planes: 229
570 ALT: 23.0494 Planes: 227
580 ALT: 22.8299 Planes: 217
590 ALT: 22.6125 Planes: 217
600 ALT: 22.3974 Planes: 213
610 ALT: 22.1844 Planes: 213
620 ALT: 21.9735 Planes: 205
630 ALT: 21.7647 Planes: 213
640 ALT: 21.558 Planes: 215
650 ALT: 21.3533 Planes: 215
660 ALT: 21.1507 Planes: 213
670 ALT: 20.9501 Planes: 214
680 ALT: 20.7515 Planes: 216
690 ALT: 20.5549 Planes: 214
700 ALT: 20.3602 Planes: 208
710 ALT: 20.1675 Planes: 206
720 ALT: 19.9767 Planes: 204
730 ALT: 19.7878 Planes: 208
740 ALT: 19.6007 Planes: 204
750 ALT: 19.4156 Planes: 206
760 ALT: 19.2322 Planes: 210
770 ALT: 19.0507 Planes: 206
780 ALT: 18.871 Planes: 198
790 ALT: 18.6931 Planes: 192
800 ALT: 18.517 Planes: 188
810 ALT: 18.3426 Planes: 190
820 ALT: 18.17 Planes: 196
830 ALT: 17.999 Planes: 189
840 ALT: 17.8298 Planes: 189
850 ALT: 17.6623 Planes: 189
860 ALT: 17.4964 Planes: 191
870 ALT: 17.3322 Planes: 189
880 ALT: 17.1696 Planes: 195
890 ALT: 17.0086 Planes: 189
900 ALT: 16.8493 Planes: 185
910 ALT: 16.6915 Planes: 181
920 ALT: 16.5353 Planes: 179
930 ALT: 16.3806 Planes: 173
940 ALT: 16.2275 Planes: 179
950 ALT: 16.0759 Planes: 173
960 ALT: 15.9258 Planes: 168
970 ALT: 15.7772 Planes: 166
980 ALT: 15.6301 Planes: 166
990 ALT: 15.4845 Planes: 158
Time: 25.199, Generations: 1000, Epochs per Second: 39.684
Used 112 node(s) and 1 core(s) per node 
Processsed 20x20 grid and 112 organisms per epoch, resulting in 1 organisms per node. Best 11 were broadcasted.
Processing speed: 4444.556 organisms per second
Final performance is 165.000

(r247:0,1,2,3,4,5,6,7,8,9,10,11,12,13,14,15,16,17,18,19,20,21,22,23,24,25,26,27)
(r250:28,29,30,31,32,33,34,35,36,37,38,39,40,41,42,43,44,45,46,47,48,49,50,51,52,53,54,55)
(r251:56,57,58,59,60,61,62,63,64,65,66,67,68,69,70,71,72,73,74,75,76,77,78,79,80,81,82,83)
(r255:84,85,86,87,88,89,90,91,92,93,94,95,96,97,98,99,100,101,102,103,104,105,106,107,108,109,110,111)

0 ALT: 160 Planes: 1444
10 ALT: 158.417 Planes: 1174
20 ALT: 156.85 Planes: 1165
30 ALT: 155.299 Planes: 1166
40 ALT: 153.763 Planes: 1149
50 ALT: 152.242 Planes: 1162
60 ALT: 150.736 Planes: 1165
70 ALT: 149.246 Planes: 1167
80 ALT: 147.77 Planes: 1166
90 ALT: 146.309 Planes: 1165
100 ALT: 144.862 Planes: 1168
110 ALT: 143.43 Planes: 1166
120 ALT: 142.012 Planes: 1171
130 ALT: 140.608 Planes: 1162
140 ALT: 139.219 Planes: 1164
150 ALT: 137.843 Planes: 1171
160 ALT: 136.48 Planes: 1169
170 ALT: 135.132 Planes: 1162
180 ALT: 133.796 Planes: 1162
190 ALT: 132.474 Planes: 1166
200 ALT: 131.166 Planes: 1163
210 ALT: 129.87 Planes: 1174
220 ALT: 128.587 Planes: 1162
230 ALT: 127.317 Planes: 1162
240 ALT: 126.059 Planes: 1170
250 ALT: 124.814 Planes: 1162
260 ALT: 123.582 Planes: 1156
270 ALT: 122.361 Planes: 1156
280 ALT: 121.153 Planes: 1162
290 ALT: 119.957 Planes: 1170
300 ALT: 118.773 Planes: 1168
310 ALT: 117.6 Planes: 1162
320 ALT: 116.44 Planes: 1159
330 ALT: 115.291 Planes: 1158
340 ALT: 114.153 Planes: 1152
350 ALT: 113.026 Planes: 1153
360 ALT: 111.911 Planes: 1160
370 ALT: 110.807 Planes: 1166
380 ALT: 109.714 Planes: 1157
390 ALT: 108.632 Planes: 1163
400 ALT: 107.56 Planes: 1162
410 ALT: 106.499 Planes: 1167
420 ALT: 105.449 Planes: 1163
430 ALT: 104.409 Planes: 1165
440 ALT: 103.38 Planes: 1156
450 ALT: 102.361 Planes: 1159
460 ALT: 101.352 Planes: 1152
470 ALT: 100.353 Planes: 1151
480 ALT: 99.3636 Planes: 1156
490 ALT: 98.3844 Planes: 1151
500 ALT: 97.4149 Planes: 1162
510 ALT: 96.4551 Planes: 1156
520 ALT: 95.5049 Planes: 1166
530 ALT: 94.5641 Planes: 1165
540 ALT: 93.6326 Planes: 1157
550 ALT: 92.7105 Planes: 1151
560 ALT: 91.7975 Planes: 1148
570 ALT: 90.8936 Planes: 1140
580 ALT: 89.9987 Planes: 1159
590 ALT: 89.1127 Planes: 1157
600 ALT: 88.2356 Planes: 1162
610 ALT: 87.3671 Planes: 1146
620 ALT: 86.5074 Planes: 1148
630 ALT: 85.6561 Planes: 1149
640 ALT: 84.8134 Planes: 1154
650 ALT: 83.979 Planes: 1143
660 ALT: 83.153 Planes: 1149
670 ALT: 82.3351 Planes: 1148
680 ALT: 81.5254 Planes: 1138
690 ALT: 80.7238 Planes: 1146
700 ALT: 79.9302 Planes: 1147
710 ALT: 79.1444 Planes: 1141
720 ALT: 78.3665 Planes: 1152
730 ALT: 77.5963 Planes: 1134
740 ALT: 76.8338 Planes: 1141
750 ALT: 76.0789 Planes: 1137
760 ALT: 75.3315 Planes: 1152
770 ALT: 74.5915 Planes: 1144
780 ALT: 73.8589 Planes: 1146
790 ALT: 73.1336 Planes: 1148
800 ALT: 72.4155 Planes: 1143
810 ALT: 71.7046 Planes: 1152
820 ALT: 71.0007 Planes: 1160
830 ALT: 70.3038 Planes: 1140
840 ALT: 69.6139 Planes: 1136
850 ALT: 68.9309 Planes: 1148
860 ALT: 68.2546 Planes: 1134
870 ALT: 67.5851 Planes: 1139
880 ALT: 66.9223 Planes: 1131
890 ALT: 66.266 Planes: 1139
900 ALT: 65.6163 Planes: 1131
910 ALT: 64.973 Planes: 1140
920 ALT: 64.3362 Planes: 1132
930 ALT: 63.7057 Planes: 1141
940 ALT: 63.0814 Planes: 1139
950 ALT: 62.4634 Planes: 1146
960 ALT: 61.8515 Planes: 1143
970 ALT: 61.2458 Planes: 1137
980 ALT: 60.646 Planes: 1143
990 ALT: 60.0522 Planes: 1141
Time: 200.529, Generations: 1000, Epochs per Second: 4.987
Used 112 node(s) and 1 core(s) per node 
Processsed 40x40 grid and 112 organisms per epoch, resulting in 1 organisms per node. Best 11 were broadcasted.
Processing speed: 558.524 organisms per second
Final performance is 1134.000
