(r008:0,1,2,3,4,5,6,7,8,9,10,11,12,13,14,15,16,17,18,19,20,21,22,23,24,25,26,27)
(r010:28,29,30,31,32,33,34,35,36,37,38,39,40,41,42,43,44,45,46,47,48,49,50,51,52,53,54,55)

0 ALT: 10 Planes: 90
10 ALT: 9.91041 Planes: 58
20 ALT: 9.8217 Planes: 50
30 ALT: 9.73388 Planes: 48
40 ALT: 9.64694 Planes: 46
50 ALT: 9.56085 Planes: 42
60 ALT: 9.47563 Planes: 44
70 ALT: 9.39125 Planes: 44
80 ALT: 9.30772 Planes: 42
90 ALT: 9.22502 Planes: 44
100 ALT: 9.14314 Planes: 44
110 ALT: 9.06207 Planes: 40
120 ALT: 8.98181 Planes: 37
130 ALT: 8.90235 Planes: 35
140 ALT: 8.82368 Planes: 35
150 ALT: 8.7458 Planes: 35
160 ALT: 8.66869 Planes: 35
170 ALT: 8.59235 Planes: 35
180 ALT: 8.51676 Planes: 33
190 ALT: 8.44193 Planes: 35
200 ALT: 8.36785 Planes: 37
210 ALT: 8.2945 Planes: 35
220 ALT: 8.22189 Planes: 31
230 ALT: 8.15 Planes: 35
240 ALT: 8.07882 Planes: 37
250 ALT: 8.00835 Planes: 33
260 ALT: 7.93858 Planes: 34
270 ALT: 7.86951 Planes: 34
280 ALT: 7.80113 Planes: 34
290 ALT: 7.73342 Planes: 34
300 ALT: 7.66639 Planes: 34
310 ALT: 7.60003 Planes: 34
320 ALT: 7.53432 Planes: 32
330 ALT: 7.46927 Planes: 34
340 ALT: 7.40487 Planes: 34
350 ALT: 7.34111 Planes: 34
360 ALT: 7.27799 Planes: 34
370 ALT: 7.21549 Planes: 34
380 ALT: 7.15361 Planes: 36
390 ALT: 7.09235 Planes: 34
400 ALT: 7.0317 Planes: 34
410 ALT: 6.97166 Planes: 33
420 ALT: 6.91221 Planes: 31
430 ALT: 6.85335 Planes: 33
440 ALT: 6.79508 Planes: 33
450 ALT: 6.73739 Planes: 33
460 ALT: 6.68028 Planes: 31
470 ALT: 6.62373 Planes: 33
480 ALT: 6.56775 Planes: 33
490 ALT: 6.51232 Planes: 33
500 ALT: 6.45745 Planes: 33
510 ALT: 6.40312 Planes: 31
520 ALT: 6.34933 Planes: 33
530 ALT: 6.29608 Planes: 33
540 ALT: 6.24336 Planes: 33
550 ALT: 6.19116 Planes: 33
560 ALT: 6.13948 Planes: 33
570 ALT: 6.08832 Planes: 33
580 ALT: 6.03766 Planes: 31
590 ALT: 5.98751 Planes: 32
600 ALT: 5.93786 Planes: 32
610 ALT: 5.88871 Planes: 34
620 ALT: 5.84004 Planes: 32
630 ALT: 5.79186 Planes: 34
640 ALT: 5.74415 Planes: 34
650 ALT: 5.69693 Planes: 32
660 ALT: 5.65017 Planes: 32
670 ALT: 5.60387 Planes: 34
680 ALT: 5.55804 Planes: 34
690 ALT: 5.51267 Planes: 32
700 ALT: 5.46774 Planes: 32
710 ALT: 5.42327 Planes: 32
720 ALT: 5.37923 Planes: 32
730 ALT: 5.33564 Planes: 32
740 ALT: 5.29248 Planes: 32
750 ALT: 5.24975 Planes: 32
760 ALT: 5.20744 Planes: 34
770 ALT: 5.16556 Planes: 32
780 ALT: 5.12409 Planes: 32
790 ALT: 5.08303 Planes: 34
800 ALT: 5.04239 Planes: 32
810 ALT: 5.00214 Planes: 32
820 ALT: 4.9623 Planes: 32
830 ALT: 4.92286 Planes: 32
840 ALT: 4.88381 Planes: 32
850 ALT: 4.84514 Planes: 30
860 ALT: 4.80686 Planes: 32
870 ALT: 4.76896 Planes: 32
880 ALT: 4.73144 Planes: 32
890 ALT: 4.6943 Planes: 30
900 ALT: 4.65752 Planes: 32
910 ALT: 4.62111 Planes: 32
920 ALT: 4.58506 Planes: 30
930 ALT: 4.54938 Planes: 32
940 ALT: 4.51404 Planes: 32
950 ALT: 4.47906 Planes: 32
960 ALT: 4.44443 Planes: 30
970 ALT: 4.41014 Planes: 32
980 ALT: 4.37619 Planes: 32
990 ALT: 4.34258 Planes: 34
Time: 5.432, Generations: 1000, Epochs per Second: 184.080
Used 56 node(s) and 1 core(s) per node 
Processsed 10x10 grid and 112 organisms per epoch, resulting in 2 organisms per node. Best 11 were broadcasted.
Processing speed: 20616.964 organisms per second
Final performance is 32.000

(r008:0,1,2,3,4,5,6,7,8,9,10,11,12,13,14,15,16,17,18,19,20,21,22,23,24,25,26,27)
(r010:28,29,30,31,32,33,34,35,36,37,38,39,40,41,42,43,44,45,46,47,48,49,50,51,52,53,54,55)

0 ALT: 40 Planes: 360
10 ALT: 39.6118 Planes: 280
20 ALT: 39.2274 Planes: 276
30 ALT: 38.8468 Planes: 271
40 ALT: 38.4701 Planes: 275
50 ALT: 38.0971 Planes: 271
60 ALT: 37.7278 Planes: 269
70 ALT: 37.3621 Planes: 271
80 ALT: 37.0001 Planes: 267
90 ALT: 36.6418 Planes: 269
100 ALT: 36.2869 Planes: 271
110 ALT: 35.9357 Planes: 255
120 ALT: 35.5879 Planes: 263
130 ALT: 35.2436 Planes: 261
140 ALT: 34.9027 Planes: 260
150 ALT: 34.5652 Planes: 260
160 ALT: 34.231 Planes: 254
170 ALT: 33.9002 Planes: 260
180 ALT: 33.5727 Planes: 254
190 ALT: 33.2484 Planes: 258
200 ALT: 32.9274 Planes: 249
210 ALT: 32.6095 Planes: 253
220 ALT: 32.2949 Planes: 251
230 ALT: 31.9833 Planes: 260
240 ALT: 31.6749 Planes: 256
250 ALT: 31.3695 Planes: 262
260 ALT: 31.0672 Planes: 262
270 ALT: 30.7679 Planes: 254
280 ALT: 30.4715 Planes: 250
290 ALT: 30.1782 Planes: 238
300 ALT: 29.8877 Planes: 238
310 ALT: 29.6001 Planes: 226
320 ALT: 29.3154 Planes: 230
330 ALT: 29.0335 Planes: 228
340 ALT: 28.7544 Planes: 233
350 ALT: 28.4781 Planes: 237
360 ALT: 28.2046 Planes: 229
370 ALT: 27.9338 Planes: 230
380 ALT: 27.6656 Planes: 220
390 ALT: 27.4002 Planes: 214
400 ALT: 27.1374 Planes: 218
410 ALT: 26.8772 Planes: 221
420 ALT: 26.6196 Planes: 223
430 ALT: 26.3645 Planes: 225
440 ALT: 26.112 Planes: 227
450 ALT: 25.862 Planes: 223
460 ALT: 25.6145 Planes: 217
470 ALT: 25.3695 Planes: 221
480 ALT: 25.1269 Planes: 219
490 ALT: 24.8867 Planes: 218
500 ALT: 24.6489 Planes: 216
510 ALT: 24.4135 Planes: 212
520 ALT: 24.1804 Planes: 202
530 ALT: 23.9497 Planes: 203
540 ALT: 23.7212 Planes: 193
550 ALT: 23.495 Planes: 195
560 ALT: 23.2711 Planes: 193
570 ALT: 23.0494 Planes: 191
580 ALT: 22.8299 Planes: 191
590 ALT: 22.6125 Planes: 193
600 ALT: 22.3974 Planes: 199
610 ALT: 22.1844 Planes: 197
620 ALT: 21.9735 Planes: 189
630 ALT: 21.7647 Planes: 187
640 ALT: 21.558 Planes: 185
650 ALT: 21.3533 Planes: 179
660 ALT: 21.1507 Planes: 179
670 ALT: 20.9501 Planes: 180
680 ALT: 20.7515 Planes: 168
690 ALT: 20.5549 Planes: 172
700 ALT: 20.3602 Planes: 172
710 ALT: 20.1675 Planes: 178
720 ALT: 19.9767 Planes: 182
730 ALT: 19.7878 Planes: 184
740 ALT: 19.6007 Planes: 192
750 ALT: 19.4156 Planes: 200
760 ALT: 19.2322 Planes: 198
770 ALT: 19.0507 Planes: 196
780 ALT: 18.871 Planes: 196
790 ALT: 18.6931 Planes: 196
800 ALT: 18.517 Planes: 194
810 ALT: 18.3426 Planes: 192
820 ALT: 18.17 Planes: 186
830 ALT: 17.999 Planes: 191
840 ALT: 17.8298 Planes: 189
850 ALT: 17.6623 Planes: 189
860 ALT: 17.4964 Planes: 191
870 ALT: 17.3322 Planes: 199
880 ALT: 17.1696 Planes: 199
890 ALT: 17.0086 Planes: 201
900 ALT: 16.8493 Planes: 201
910 ALT: 16.6915 Planes: 197
920 ALT: 16.5353 Planes: 191
930 ALT: 16.3806 Planes: 197
940 ALT: 16.2275 Planes: 193
950 ALT: 16.0759 Planes: 191
960 ALT: 15.9258 Planes: 190
970 ALT: 15.7772 Planes: 186
980 ALT: 15.6301 Planes: 186
990 ALT: 15.4845 Planes: 184
Time: 43.114, Generations: 1000, Epochs per Second: 23.195
Used 56 node(s) and 1 core(s) per node 
Processsed 20x20 grid and 112 organisms per epoch, resulting in 2 organisms per node. Best 11 were broadcasted.
Processing speed: 2597.793 organisms per second
Final performance is 179.000

(r008:0,1,2,3,4,5,6,7,8,9,10,11,12,13,14,15,16,17,18,19,20,21,22,23,24,25,26,27)
(r010:28,29,30,31,32,33,34,35,36,37,38,39,40,41,42,43,44,45,46,47,48,49,50,51,52,53,54,55)

0 ALT: 160 Planes: 1446
10 ALT: 158.417 Planes: 1178
20 ALT: 156.85 Planes: 1165
30 ALT: 155.299 Planes: 1172
40 ALT: 153.763 Planes: 1175
50 ALT: 152.242 Planes: 1176
60 ALT: 150.736 Planes: 1169
70 ALT: 149.246 Planes: 1175
80 ALT: 147.77 Planes: 1170
90 ALT: 146.309 Planes: 1167
100 ALT: 144.862 Planes: 1168
110 ALT: 143.43 Planes: 1162
120 ALT: 142.012 Planes: 1165
130 ALT: 140.608 Planes: 1166
140 ALT: 139.219 Planes: 1170
150 ALT: 137.843 Planes: 1173
160 ALT: 136.48 Planes: 1153
170 ALT: 135.132 Planes: 1168
180 ALT: 133.796 Planes: 1166
190 ALT: 132.474 Planes: 1174
200 ALT: 131.166 Planes: 1177
210 ALT: 129.87 Planes: 1174
220 ALT: 128.587 Planes: 1166
230 ALT: 127.317 Planes: 1166
240 ALT: 126.059 Planes: 1170
250 ALT: 124.814 Planes: 1160
260 ALT: 123.582 Planes: 1160
270 ALT: 122.361 Planes: 1164
280 ALT: 121.153 Planes: 1164
290 ALT: 119.957 Planes: 1172
300 ALT: 118.773 Planes: 1164
310 ALT: 117.6 Planes: 1162
320 ALT: 116.44 Planes: 1165
330 ALT: 115.291 Planes: 1164
340 ALT: 114.153 Planes: 1154
350 ALT: 113.026 Planes: 1163
360 ALT: 111.911 Planes: 1162
370 ALT: 110.807 Planes: 1156
380 ALT: 109.714 Planes: 1165
390 ALT: 108.632 Planes: 1163
400 ALT: 107.56 Planes: 1170
410 ALT: 106.499 Planes: 1159
420 ALT: 105.449 Planes: 1157
430 ALT: 104.409 Planes: 1155
440 ALT: 103.38 Planes: 1154
450 ALT: 102.361 Planes: 1157
460 ALT: 101.352 Planes: 1164
470 ALT: 100.353 Planes: 1167
480 ALT: 99.3636 Planes: 1166
490 ALT: 98.3844 Planes: 1159
500 ALT: 97.4149 Planes: 1164
510 ALT: 96.4551 Planes: 1160
520 ALT: 95.5049 Planes: 1158
530 ALT: 94.5641 Planes: 1151
540 ALT: 93.6326 Planes: 1151
550 ALT: 92.7105 Planes: 1151
560 ALT: 91.7975 Planes: 1150
570 ALT: 90.8936 Planes: 1164
580 ALT: 89.9987 Planes: 1167
590 ALT: 89.1127 Planes: 1165
600 ALT: 88.2356 Planes: 1176
610 ALT: 87.3671 Planes: 1148
620 ALT: 86.5074 Planes: 1158
630 ALT: 85.6561 Planes: 1153
640 ALT: 84.8134 Planes: 1144
650 ALT: 83.979 Planes: 1143
660 ALT: 83.153 Planes: 1157
670 ALT: 82.3351 Planes: 1150
680 ALT: 81.5254 Planes: 1150
690 ALT: 80.7238 Planes: 1162
700 ALT: 79.9302 Planes: 1155
710 ALT: 79.1444 Planes: 1147
720 ALT: 78.3665 Planes: 1146
730 ALT: 77.5963 Planes: 1144
740 ALT: 76.8338 Planes: 1157
750 ALT: 76.0789 Planes: 1151
760 ALT: 75.3315 Planes: 1148
770 ALT: 74.5915 Planes: 1152
780 ALT: 73.8589 Planes: 1140
790 ALT: 73.1336 Planes: 1146
800 ALT: 72.4155 Planes: 1147
810 ALT: 71.7046 Planes: 1148
820 ALT: 71.0007 Planes: 1142
830 ALT: 70.3038 Planes: 1146
840 ALT: 69.6139 Planes: 1154
850 ALT: 68.9309 Planes: 1138
860 ALT: 68.2546 Planes: 1146
870 ALT: 67.5851 Planes: 1149
880 ALT: 66.9223 Planes: 1153
890 ALT: 66.266 Planes: 1147
900 ALT: 65.6163 Planes: 1147
910 ALT: 64.973 Planes: 1146
920 ALT: 64.3362 Planes: 1142
930 ALT: 63.7057 Planes: 1143
940 ALT: 63.0814 Planes: 1137
950 ALT: 62.4634 Planes: 1144
960 ALT: 61.8515 Planes: 1139
970 ALT: 61.2458 Planes: 1135
980 ALT: 60.646 Planes: 1143
990 ALT: 60.0522 Planes: 1149
Time: 335.852, Generations: 1000, Epochs per Second: 2.978
Used 56 node(s) and 1 core(s) per node 
Processsed 40x40 grid and 112 organisms per epoch, resulting in 2 organisms per node. Best 11 were broadcasted.
Processing speed: 333.481 organisms per second
Final performance is 1142.000
