(r301:0,1,2,3,4,5,6,7,8,9,10,11,12,13,14,15,16,17,18,19,20,21,22,23,24,25,26,27)
(r680:28,29,30,31,32,33,34,35,36,37,38,39,40,41,42,43,44,45,46,47,48,49,50,51,52,53,54,55)
(r681:56,57,58,59,60,61,62,63,64,65,66,67,68,69,70,71,72,73,74,75,76,77,78,79,80,81,82,83)
(r685:84,85,86,87,88,89,90,91,92,93,94,95,96,97,98,99,100,101,102,103,104,105,106,107,108,109,110,111)

0 ALT: 640 Planes: 5796
10 ALT: 633.639 Planes: 4798
20 ALT: 627.341 Planes: 4785
30 ALT: 621.106 Planes: 4797
40 ALT: 614.932 Planes: 4769
50 ALT: 608.821 Planes: 4788
60 ALT: 602.77 Planes: 4785
70 ALT: 596.779 Planes: 4754
80 ALT: 590.848 Planes: 4786
90 ALT: 584.977 Planes: 4773
100 ALT: 579.163 Planes: 4790
110 ALT: 573.407 Planes: 4781
120 ALT: 567.709 Planes: 4768
130 ALT: 562.067 Planes: 4774
140 ALT: 556.482 Planes: 4759
150 ALT: 550.952 Planes: 4760
160 ALT: 545.478 Planes: 4777
170 ALT: 540.057 Planes: 4763
180 ALT: 534.691 Planes: 4774
190 ALT: 529.378 Planes: 4781
Time: 745.936, Generations: 200, Epochs per Second: 0.268
Used 112 node(s) and 1 core(s) per node 
Processsed 80x80 grid and 112 organisms per epoch, resulting in 1 organisms per node. Best 11 were broadcasted.
Processing speed: 30.029 organisms per second
Final performance is 4783.000
