(r092:0,1,2,3,4,5,6,7,8,9,10,11,12,13,14,15,16,17,18,19,20,21,22,23,24,25,26,27)

0 ALT: 10 Planes: 90
10 ALT: 9.91041 Planes: 60
20 ALT: 9.8217 Planes: 50
30 ALT: 9.73388 Planes: 42
40 ALT: 9.64694 Planes: 38
50 ALT: 9.56085 Planes: 38
60 ALT: 9.47563 Planes: 42
70 ALT: 9.39125 Planes: 40
80 ALT: 9.30772 Planes: 38
90 ALT: 9.22502 Planes: 38
100 ALT: 9.14314 Planes: 36
110 ALT: 9.06207 Planes: 38
120 ALT: 8.98181 Planes: 41
130 ALT: 8.90235 Planes: 39
140 ALT: 8.82368 Planes: 37
150 ALT: 8.7458 Planes: 35
160 ALT: 8.66869 Planes: 35
170 ALT: 8.59235 Planes: 33
180 ALT: 8.51676 Planes: 33
190 ALT: 8.44193 Planes: 35
200 ALT: 8.36785 Planes: 33
210 ALT: 8.2945 Planes: 35
220 ALT: 8.22189 Planes: 33
230 ALT: 8.15 Planes: 37
240 ALT: 8.07882 Planes: 33
250 ALT: 8.00835 Planes: 35
260 ALT: 7.93858 Planes: 34
270 ALT: 7.86951 Planes: 34
280 ALT: 7.80113 Planes: 30
290 ALT: 7.73342 Planes: 34
300 ALT: 7.66639 Planes: 32
310 ALT: 7.60003 Planes: 32
320 ALT: 7.53432 Planes: 34
330 ALT: 7.46927 Planes: 34
340 ALT: 7.40487 Planes: 32
350 ALT: 7.34111 Planes: 34
360 ALT: 7.27799 Planes: 32
370 ALT: 7.21549 Planes: 34
380 ALT: 7.15361 Planes: 34
390 ALT: 7.09235 Planes: 32
400 ALT: 7.0317 Planes: 34
410 ALT: 6.97166 Planes: 33
420 ALT: 6.91221 Planes: 33
430 ALT: 6.85335 Planes: 33
440 ALT: 6.79508 Planes: 33
450 ALT: 6.73739 Planes: 33
460 ALT: 6.68028 Planes: 31
470 ALT: 6.62373 Planes: 33
480 ALT: 6.56775 Planes: 33
490 ALT: 6.51232 Planes: 33
500 ALT: 6.45745 Planes: 33
510 ALT: 6.40312 Planes: 33
520 ALT: 6.34933 Planes: 33
530 ALT: 6.29608 Planes: 33
540 ALT: 6.24336 Planes: 31
550 ALT: 6.19116 Planes: 33
560 ALT: 6.13948 Planes: 33
570 ALT: 6.08832 Planes: 33
580 ALT: 6.03766 Planes: 33
590 ALT: 5.98751 Planes: 32
600 ALT: 5.93786 Planes: 32
610 ALT: 5.88871 Planes: 32
620 ALT: 5.84004 Planes: 32
630 ALT: 5.79186 Planes: 30
640 ALT: 5.74415 Planes: 30
650 ALT: 5.69693 Planes: 32
660 ALT: 5.65017 Planes: 32
670 ALT: 5.60387 Planes: 32
680 ALT: 5.55804 Planes: 34
690 ALT: 5.51267 Planes: 32
700 ALT: 5.46774 Planes: 30
710 ALT: 5.42327 Planes: 32
720 ALT: 5.37923 Planes: 32
730 ALT: 5.33564 Planes: 32
740 ALT: 5.29248 Planes: 32
750 ALT: 5.24975 Planes: 30
760 ALT: 5.20744 Planes: 32
770 ALT: 5.16556 Planes: 32
780 ALT: 5.12409 Planes: 30
790 ALT: 5.08303 Planes: 32
800 ALT: 5.04239 Planes: 32
810 ALT: 5.00214 Planes: 30
820 ALT: 4.9623 Planes: 30
830 ALT: 4.92286 Planes: 30
840 ALT: 4.88381 Planes: 30
850 ALT: 4.84514 Planes: 30
860 ALT: 4.80686 Planes: 30
870 ALT: 4.76896 Planes: 30
880 ALT: 4.73144 Planes: 30
890 ALT: 4.6943 Planes: 30
900 ALT: 4.65752 Planes: 30
910 ALT: 4.62111 Planes: 30
920 ALT: 4.58506 Planes: 32
930 ALT: 4.54938 Planes: 30
940 ALT: 4.51404 Planes: 30
950 ALT: 4.47906 Planes: 30
960 ALT: 4.44443 Planes: 30
970 ALT: 4.41014 Planes: 30
980 ALT: 4.37619 Planes: 32
990 ALT: 4.34258 Planes: 32
Time: 9.399, Generations: 1000, Epochs per Second: 106.392
Used 28 node(s) and 1 core(s) per node 
Processsed 10x10 grid and 112 organisms per epoch, resulting in 4 organisms per node. Best 11 were broadcasted.
Processing speed: 11915.885 organisms per second
Final performance is 30.000

(r092:0,1,2,3,4,5,6,7,8,9,10,11,12,13,14,15,16,17,18,19,20,21,22,23,24,25,26,27)

0 ALT: 40 Planes: 360
10 ALT: 39.6118 Planes: 280
20 ALT: 39.2274 Planes: 276
30 ALT: 38.8468 Planes: 269
40 ALT: 38.4701 Planes: 271
50 ALT: 38.0971 Planes: 269
60 ALT: 37.7278 Planes: 265
70 ALT: 37.3621 Planes: 265
80 ALT: 37.0001 Planes: 269
90 ALT: 36.6418 Planes: 265
100 ALT: 36.2869 Planes: 267
110 ALT: 35.9357 Planes: 259
120 ALT: 35.5879 Planes: 265
130 ALT: 35.2436 Planes: 263
140 ALT: 34.9027 Planes: 260
150 ALT: 34.5652 Planes: 260
160 ALT: 34.231 Planes: 264
170 ALT: 33.9002 Planes: 260
180 ALT: 33.5727 Planes: 268
190 ALT: 33.2484 Planes: 272
200 ALT: 32.9274 Planes: 259
210 ALT: 32.6095 Planes: 259
220 ALT: 32.2949 Planes: 255
230 ALT: 31.9833 Planes: 258
240 ALT: 31.6749 Planes: 260
250 ALT: 31.3695 Planes: 258
260 ALT: 31.0672 Planes: 252
270 ALT: 30.7679 Planes: 256
280 ALT: 30.4715 Planes: 256
290 ALT: 30.1782 Planes: 250
300 ALT: 29.8877 Planes: 260
310 ALT: 29.6001 Planes: 260
320 ALT: 29.3154 Planes: 252
330 ALT: 29.0335 Planes: 250
340 ALT: 28.7544 Planes: 249
350 ALT: 28.4781 Planes: 253
360 ALT: 28.2046 Planes: 249
370 ALT: 27.9338 Planes: 246
380 ALT: 27.6656 Planes: 238
390 ALT: 27.4002 Planes: 234
400 ALT: 27.1374 Planes: 234
410 ALT: 26.8772 Planes: 231
420 ALT: 26.6196 Planes: 233
430 ALT: 26.3645 Planes: 233
440 ALT: 26.112 Planes: 233
450 ALT: 25.862 Planes: 227
460 ALT: 25.6145 Planes: 231
470 ALT: 25.3695 Planes: 233
480 ALT: 25.1269 Planes: 237
490 ALT: 24.8867 Planes: 240
500 ALT: 24.6489 Planes: 244
510 ALT: 24.4135 Planes: 240
520 ALT: 24.1804 Planes: 236
530 ALT: 23.9497 Planes: 239
540 ALT: 23.7212 Planes: 241
550 ALT: 23.495 Planes: 239
560 ALT: 23.2711 Planes: 247
570 ALT: 23.0494 Planes: 249
580 ALT: 22.8299 Planes: 245
590 ALT: 22.6125 Planes: 241
600 ALT: 22.3974 Planes: 235
610 ALT: 22.1844 Planes: 233
620 ALT: 21.9735 Planes: 231
630 ALT: 21.7647 Planes: 233
640 ALT: 21.558 Planes: 225
650 ALT: 21.3533 Planes: 229
660 ALT: 21.1507 Planes: 225
670 ALT: 20.9501 Planes: 224
680 ALT: 20.7515 Planes: 234
690 ALT: 20.5549 Planes: 228
700 ALT: 20.3602 Planes: 234
710 ALT: 20.1675 Planes: 228
720 ALT: 19.9767 Planes: 226
730 ALT: 19.7878 Planes: 220
740 ALT: 19.6007 Planes: 222
750 ALT: 19.4156 Planes: 212
760 ALT: 19.2322 Planes: 214
770 ALT: 19.0507 Planes: 218
780 ALT: 18.871 Planes: 220
790 ALT: 18.6931 Planes: 224
800 ALT: 18.517 Planes: 214
810 ALT: 18.3426 Planes: 210
820 ALT: 18.17 Planes: 202
830 ALT: 17.999 Planes: 201
840 ALT: 17.8298 Planes: 199
850 ALT: 17.6623 Planes: 201
860 ALT: 17.4964 Planes: 199
870 ALT: 17.3322 Planes: 203
880 ALT: 17.1696 Planes: 199
890 ALT: 17.0086 Planes: 203
900 ALT: 16.8493 Planes: 201
910 ALT: 16.6915 Planes: 201
920 ALT: 16.5353 Planes: 199
930 ALT: 16.3806 Planes: 205
940 ALT: 16.2275 Planes: 205
950 ALT: 16.0759 Planes: 203
960 ALT: 15.9258 Planes: 210
970 ALT: 15.7772 Planes: 204
980 ALT: 15.6301 Planes: 204
990 ALT: 15.4845 Planes: 204
Time: 91.958, Generations: 1000, Epochs per Second: 10.875
Used 28 node(s) and 1 core(s) per node 
Processsed 20x20 grid and 112 organisms per epoch, resulting in 4 organisms per node. Best 11 were broadcasted.
Processing speed: 1217.946 organisms per second
Final performance is 203.000

(r092:0,1,2,3,4,5,6,7,8,9,10,11,12,13,14,15,16,17,18,19,20,21,22,23,24,25,26,27)

0 ALT: 160 Planes: 1446
10 ALT: 158.417 Planes: 1164
20 ALT: 156.85 Planes: 1167
30 ALT: 155.299 Planes: 1172
40 ALT: 153.763 Planes: 1163
50 ALT: 152.242 Planes: 1168
60 ALT: 150.736 Planes: 1165
70 ALT: 149.246 Planes: 1161
80 ALT: 147.77 Planes: 1162
90 ALT: 146.309 Planes: 1167
100 ALT: 144.862 Planes: 1160
110 ALT: 143.43 Planes: 1162
120 ALT: 142.012 Planes: 1161
130 ALT: 140.608 Planes: 1158
140 ALT: 139.219 Planes: 1162
150 ALT: 137.843 Planes: 1165
160 ALT: 136.48 Planes: 1173
170 ALT: 135.132 Planes: 1170
180 ALT: 133.796 Planes: 1164
190 ALT: 132.474 Planes: 1168
200 ALT: 131.166 Planes: 1167
210 ALT: 129.87 Planes: 1160
220 ALT: 128.587 Planes: 1166
230 ALT: 127.317 Planes: 1156
240 ALT: 126.059 Planes: 1162
250 ALT: 124.814 Planes: 1156
260 ALT: 123.582 Planes: 1162
270 ALT: 122.361 Planes: 1162
280 ALT: 121.153 Planes: 1162
290 ALT: 119.957 Planes: 1164
300 ALT: 118.773 Planes: 1168
310 ALT: 117.6 Planes: 1164
320 ALT: 116.44 Planes: 1167
330 ALT: 115.291 Planes: 1156
340 ALT: 114.153 Planes: 1168
350 ALT: 113.026 Planes: 1169
360 ALT: 111.911 Planes: 1166
370 ALT: 110.807 Planes: 1168
380 ALT: 109.714 Planes: 1165
390 ALT: 108.632 Planes: 1153
400 ALT: 107.56 Planes: 1164
410 ALT: 106.499 Planes: 1159
420 ALT: 105.449 Planes: 1167
430 ALT: 104.409 Planes: 1159
440 ALT: 103.38 Planes: 1160
450 ALT: 102.361 Planes: 1157
460 ALT: 101.352 Planes: 1146
470 ALT: 100.353 Planes: 1157
480 ALT: 99.3636 Planes: 1158
490 ALT: 98.3844 Planes: 1159
500 ALT: 97.4149 Planes: 1166
510 ALT: 96.4551 Planes: 1166
520 ALT: 95.5049 Planes: 1154
530 ALT: 94.5641 Planes: 1171
540 ALT: 93.6326 Planes: 1163
550 ALT: 92.7105 Planes: 1155
560 ALT: 91.7975 Planes: 1162
570 ALT: 90.8936 Planes: 1154
580 ALT: 89.9987 Planes: 1153
590 ALT: 89.1127 Planes: 1153

===================================================================================
=   BAD TERMINATION OF ONE OF YOUR APPLICATION PROCESSES
=   RANK 0 PID 13793 RUNNING AT r092
=   KILLED BY SIGNAL: 9 (Killed)
===================================================================================
srun: error: r092: task 0: Out Of Memory

===================================================================================
=   BAD TERMINATION OF ONE OF YOUR APPLICATION PROCESSES
=   RANK 1 PID 13794 RUNNING AT r092
=   KILLED BY SIGNAL: 9 (Killed)
===================================================================================

===================================================================================
=   BAD TERMINATION OF ONE OF YOUR APPLICATION PROCESSES
=   RANK 2 PID 13795 RUNNING AT r092
=   KILLED BY SIGNAL: 9 (Killed)
===================================================================================

===================================================================================
=   BAD TERMINATION OF ONE OF YOUR APPLICATION PROCESSES
=   RANK 3 PID 13796 RUNNING AT r092
=   KILLED BY SIGNAL: 9 (Killed)
===================================================================================

===================================================================================
=   BAD TERMINATION OF ONE OF YOUR APPLICATION PROCESSES
=   RANK 4 PID 13797 RUNNING AT r092
=   KILLED BY SIGNAL: 9 (Killed)
===================================================================================

===================================================================================
=   BAD TERMINATION OF ONE OF YOUR APPLICATION PROCESSES
=   RANK 5 PID 13798 RUNNING AT r092
=   KILLED BY SIGNAL: 9 (Killed)
===================================================================================

===================================================================================
=   BAD TERMINATION OF ONE OF YOUR APPLICATION PROCESSES
=   RANK 6 PID 13799 RUNNING AT r092
=   KILLED BY SIGNAL: 9 (Killed)
===================================================================================

===================================================================================
=   BAD TERMINATION OF ONE OF YOUR APPLICATION PROCESSES
=   RANK 7 PID 13800 RUNNING AT r092
=   KILLED BY SIGNAL: 9 (Killed)
===================================================================================

===================================================================================
=   BAD TERMINATION OF ONE OF YOUR APPLICATION PROCESSES
=   RANK 8 PID 13801 RUNNING AT r092
=   KILLED BY SIGNAL: 9 (Killed)
===================================================================================

===================================================================================
=   BAD TERMINATION OF ONE OF YOUR APPLICATION PROCESSES
=   RANK 9 PID 13802 RUNNING AT r092
=   KILLED BY SIGNAL: 9 (Killed)
===================================================================================

===================================================================================
=   BAD TERMINATION OF ONE OF YOUR APPLICATION PROCESSES
=   RANK 10 PID 13803 RUNNING AT r092
=   KILLED BY SIGNAL: 9 (Killed)
===================================================================================

===================================================================================
=   BAD TERMINATION OF ONE OF YOUR APPLICATION PROCESSES
=   RANK 11 PID 13804 RUNNING AT r092
=   KILLED BY SIGNAL: 9 (Killed)
===================================================================================

===================================================================================
=   BAD TERMINATION OF ONE OF YOUR APPLICATION PROCESSES
=   RANK 12 PID 13805 RUNNING AT r092
=   KILLED BY SIGNAL: 9 (Killed)
===================================================================================

===================================================================================
=   BAD TERMINATION OF ONE OF YOUR APPLICATION PROCESSES
=   RANK 13 PID 13806 RUNNING AT r092
=   KILLED BY SIGNAL: 9 (Killed)
===================================================================================

===================================================================================
=   BAD TERMINATION OF ONE OF YOUR APPLICATION PROCESSES
=   RANK 14 PID 13807 RUNNING AT r092
=   KILLED BY SIGNAL: 9 (Killed)
===================================================================================

===================================================================================
=   BAD TERMINATION OF ONE OF YOUR APPLICATION PROCESSES
=   RANK 15 PID 13808 RUNNING AT r092
=   KILLED BY SIGNAL: 9 (Killed)
===================================================================================

===================================================================================
=   BAD TERMINATION OF ONE OF YOUR APPLICATION PROCESSES
=   RANK 16 PID 13809 RUNNING AT r092
=   KILLED BY SIGNAL: 9 (Killed)
===================================================================================

===================================================================================
=   BAD TERMINATION OF ONE OF YOUR APPLICATION PROCESSES
=   RANK 17 PID 13810 RUNNING AT r092
=   KILLED BY SIGNAL: 9 (Killed)
===================================================================================

===================================================================================
=   BAD TERMINATION OF ONE OF YOUR APPLICATION PROCESSES
=   RANK 18 PID 13811 RUNNING AT r092
=   KILLED BY SIGNAL: 9 (Killed)
===================================================================================

===================================================================================
=   BAD TERMINATION OF ONE OF YOUR APPLICATION PROCESSES
=   RANK 19 PID 13812 RUNNING AT r092
=   KILLED BY SIGNAL: 9 (Killed)
===================================================================================

===================================================================================
=   BAD TERMINATION OF ONE OF YOUR APPLICATION PROCESSES
=   RANK 20 PID 13813 RUNNING AT r092
=   KILLED BY SIGNAL: 9 (Killed)
===================================================================================

===================================================================================
=   BAD TERMINATION OF ONE OF YOUR APPLICATION PROCESSES
=   RANK 21 PID 13814 RUNNING AT r092
=   KILLED BY SIGNAL: 9 (Killed)
===================================================================================

===================================================================================
=   BAD TERMINATION OF ONE OF YOUR APPLICATION PROCESSES
=   RANK 22 PID 13815 RUNNING AT r092
=   KILLED BY SIGNAL: 9 (Killed)
===================================================================================

===================================================================================
=   BAD TERMINATION OF ONE OF YOUR APPLICATION PROCESSES
=   RANK 23 PID 13816 RUNNING AT r092
=   KILLED BY SIGNAL: 9 (Killed)
===================================================================================

===================================================================================
=   BAD TERMINATION OF ONE OF YOUR APPLICATION PROCESSES
=   RANK 24 PID 13817 RUNNING AT r092
=   KILLED BY SIGNAL: 9 (Killed)
===================================================================================

===================================================================================
=   BAD TERMINATION OF ONE OF YOUR APPLICATION PROCESSES
=   RANK 25 PID 13818 RUNNING AT r092
=   KILLED BY SIGNAL: 9 (Killed)
===================================================================================

===================================================================================
=   BAD TERMINATION OF ONE OF YOUR APPLICATION PROCESSES
=   RANK 26 PID 13819 RUNNING AT r092
=   KILLED BY SIGNAL: 9 (Killed)
===================================================================================

===================================================================================
=   BAD TERMINATION OF ONE OF YOUR APPLICATION PROCESSES
=   RANK 27 PID 13820 RUNNING AT r092
=   KILLED BY SIGNAL: 9 (Killed)
===================================================================================
slurmstepd: error: Detected 12 oom-kill event(s) in step 12103835.2 cgroup. Some of your processes may have been killed by the cgroup out-of-memory handler.
I_MPI_JOB_TIMEOUT = -1 second(s): job ending due to startup timeout
slurmstepd: error: Detected 12 oom-kill event(s) in step 12103835.batch cgroup. Some of your processes may have been killed by the cgroup out-of-memory handler.
