(r165:0,1,2,3,4,5,6,7,8,9,10,11,12,13)
(r357:14,15,16,17,18,19,20,21,22,23,24,25,26,27)
(r360:28,29,30,31,32,33,34,35,36,37,38,39,40,41)
(r398:42,43,44,45,46,47,48,49,50,51,52,53,54,55)
(r651:56,57,58,59,60,61,62,63,64,65,66,67,68,69)
(r681:70,71,72,73,74,75,76,77,78,79,80,81,82,83)
(r701:84,85,86,87,88,89,90,91,92,93,94,95,96,97)
(r708:98,99,100,101,102,103,104,105,106,107,108,109,110,111)

0 ALT: 640 Planes: 5800
10 ALT: 633.639 Planes: 4782
20 ALT: 627.341 Planes: 4773
30 ALT: 621.106 Planes: 4783
40 ALT: 614.932 Planes: 4783
50 ALT: 608.821 Planes: 4770
60 ALT: 602.77 Planes: 4769
70 ALT: 596.779 Planes: 4770
80 ALT: 590.848 Planes: 4778
90 ALT: 584.977 Planes: 4777
100 ALT: 579.163 Planes: 4774
110 ALT: 573.407 Planes: 4753
120 ALT: 567.709 Planes: 4772
130 ALT: 562.067 Planes: 4766
140 ALT: 556.482 Planes: 4771
150 ALT: 550.952 Planes: 4788
160 ALT: 545.478 Planes: 4783
170 ALT: 540.057 Planes: 4773
180 ALT: 534.691 Planes: 4774
190 ALT: 529.378 Planes: 4781
200 ALT: 524.118 Planes: 4765
210 ALT: 518.91 Planes: 4782
220 ALT: 513.755 Planes: 4767
230 ALT: 508.65 Planes: 4758
240 ALT: 503.597 Planes: 4773
250 ALT: 498.593 Planes: 4764
260 ALT: 493.64 Planes: 4783
270 ALT: 488.736 Planes: 4764
280 ALT: 483.88 Planes: 4779
290 ALT: 479.073 Planes: 4766
300 ALT: 474.314 Planes: 4780
310 ALT: 469.602 Planes: 4762
320 ALT: 464.937 Planes: 4775
330 ALT: 460.319 Planes: 4785
340 ALT: 455.746 Planes: 4776
350 ALT: 451.219 Planes: 4778
360 ALT: 446.737 Planes: 4766
370 ALT: 442.3 Planes: 4770
380 ALT: 437.907 Planes: 4761
390 ALT: 433.557 Planes: 4753
400 ALT: 429.251 Planes: 4764
410 ALT: 424.988 Planes: 4767
420 ALT: 420.767 Planes: 4769
430 ALT: 416.588 Planes: 4771
440 ALT: 412.451 Planes: 4769
450 ALT: 408.355 Planes: 4772
460 ALT: 404.3 Planes: 4762
470 ALT: 400.285 Planes: 4750
480 ALT: 396.31 Planes: 4760
490 ALT: 392.375 Planes: 4774
500 ALT: 388.479 Planes: 4759
510 ALT: 384.621 Planes: 4746
520 ALT: 380.802 Planes: 4758
530 ALT: 377.022 Planes: 4777
540 ALT: 373.278 Planes: 4774
550 ALT: 369.572 Planes: 4773
560 ALT: 365.903 Planes: 4759
570 ALT: 362.27 Planes: 4765
580 ALT: 358.674 Planes: 4743
590 ALT: 355.113 Planes: 4755
600 ALT: 351.588 Planes: 4757
610 ALT: 348.098 Planes: 4761
620 ALT: 344.643 Planes: 4760
630 ALT: 341.222 Planes: 4738
640 ALT: 337.835 Planes: 4746
650 ALT: 334.482 Planes: 4751
660 ALT: 331.162 Planes: 4771
670 ALT: 327.875 Planes: 4779
680 ALT: 324.621 Planes: 4762
690 ALT: 321.4 Planes: 4754
700 ALT: 318.21 Planes: 4744
710 ALT: 315.052 Planes: 4771
720 ALT: 311.926 Planes: 4757
730 ALT: 308.831 Planes: 4720
740 ALT: 305.766 Planes: 4760
750 ALT: 302.732 Planes: 4746
760 ALT: 299.728 Planes: 4754
770 ALT: 296.755 Planes: 4752
780 ALT: 293.81 Planes: 4742
790 ALT: 290.895 Planes: 4751
800 ALT: 288.009 Planes: 4756
810 ALT: 285.152 Planes: 4762
820 ALT: 282.324 Planes: 4757
830 ALT: 279.523 Planes: 4764
840 ALT: 276.75 Planes: 4739
850 ALT: 274.005 Planes: 4755
860 ALT: 271.287 Planes: 4753
870 ALT: 268.597 Planes: 4756
880 ALT: 265.933 Planes: 4756
890 ALT: 263.295 Planes: 4738
900 ALT: 260.684 Planes: 4757
910 ALT: 258.099 Planes: 4749
920 ALT: 255.54 Planes: 4773
930 ALT: 253.006 Planes: 4763
940 ALT: 250.497 Planes: 4743
950 ALT: 248.013 Planes: 4746
960 ALT: 245.554 Planes: 4746
970 ALT: 243.12 Planes: 4748
980 ALT: 240.709 Planes: 4752
990 ALT: 238.323 Planes: 4737
Time: 2163.535, Generations: 1000, Epochs per Second: 0.462
Used 112 node(s) and 2 core(s) per node 
Processsed 80x80 grid and 112 organisms per epoch, resulting in 1 organisms per node. Best 11 were broadcasted.
Processing speed: 51.767 organisms per second
Final performance is 4719.000

(r165:0,1,2,3,4,5,6,7,8,9,10,11,12,13)
(r357:14,15,16,17,18,19,20,21,22,23,24,25,26,27)
(r360:28,29,30,31,32,33,34,35,36,37,38,39,40,41)
(r398:42,43,44,45,46,47,48,49,50,51,52,53,54,55)
(r651:56,57,58,59,60,61,62,63,64,65,66,67,68,69)
(r681:70,71,72,73,74,75,76,77,78,79,80,81,82,83)
(r701:84,85,86,87,88,89,90,91,92,93,94,95,96,97)
(r708:98,99,100,101,102,103,104,105,106,107,108,109,110,111)